# JRE version: OpenJDK Runtime Environment (21.0.3) (build 21.0.3+-12282718-b509.11)
# Java VM: OpenJDK 64-Bit Server VM (21.0.3+-12282718-b509.11, mixed mode, tiered, compressed oops, compressed class ptrs, g1 gc, windows-amd64)
GC Precious Log:
 CardTable entry size: 512
 Card Set container configuration: InlinePtr #cards 5 size 8 Array Of Cards #cards 12 size 40 Howl #buckets 4 coarsen threshold 1843 Howl Bitmap #cards 512 size 80 coarsen threshold 460 Card regions per heap region 1 cards per card region 2048
 CPUs: 8 total, 8 available
 Memory: 16273M
 Large Page Support: Disabled
 NUMA Support: Disabled
 Compressed Oops: Enabled (32-bit)
 Heap Region Size: 1M
 Heap Min Capacity: 8M
 Heap Initial Capacity: 256M
 Heap Max Capacity: 2G
 Pre-touch: Disabled
 Parallel Workers: 8
 Concurrent Workers: 2
 Concurrent Refinement Workers: 8
 Periodic GC: Disabled
Heap:
 garbage-first heap   total 110592K, used 74071K [0x0000000080000000, 0x0000000100000000)
  region size 1024K, 42 young (43008K), 6 survivors (6144K)
 Metaspace       used 63685K, committed 65344K, reserved 1114112K
  class space    used 8814K, committed 9600K, reserved 1048576K
GC Heap History (20 events):
Event: 0.648 GC heap before
{Heap before GC invocations=0 (full 0):
 garbage-first heap   total 262144K, used 26624K [0x0000000080000000, 0x0000000100000000)
  region size 1024K, 23 young (23552K), 0 survivors (0K)
 Metaspace       used 7988K, committed 8128K, reserved 1114112K
  class space    used 719K, committed 768K, reserved 1048576K
}
Event: 0.652 GC heap after
{Heap after GC invocations=1 (full 0):
 garbage-first heap   total 262144K, used 10378K [0x0000000080000000, 0x0000000100000000)
  region size 1024K, 3 young (3072K), 3 survivors (3072K)
 Metaspace       used 7988K, committed 8128K, reserved 1114112K
  class space    used 719K, committed 768K, reserved 1048576K
}
Event: 3.600 GC heap before
{Heap before GC invocations=1 (full 0):
 garbage-first heap   total 262144K, used 41098K [0x0000000080000000, 0x0000000100000000)
  region size 1024K, 33 young (33792K), 3 survivors (3072K)
 Metaspace       used 12038K, committed 12224K, reserved 1114112K
  class space    used 1280K, committed 1408K, reserved 1048576K
}
Event: 3.603 GC heap after
{Heap after GC invocations=2 (full 0):
 garbage-first heap   total 262144K, used 11917K [0x0000000080000000, 0x0000000100000000)
  region size 1024K, 2 young (2048K), 2 survivors (2048K)
 Metaspace       used 12038K, committed 12224K, reserved 1114112K
  class space    used 1280K, committed 1408K, reserved 1048576K
}
Event: 4.489 GC heap before
{Heap before GC invocations=2 (full 0):
 garbage-first heap   total 262144K, used 80525K [0x0000000080000000, 0x0000000100000000)
  region size 1024K, 68 young (69632K), 2 survivors (2048K)
 Metaspace       used 21223K, committed 21504K, reserved 1114112K
  class space    used 2469K, committed 2624K, reserved 1048576K
}
Event: 4.495 GC heap after
{Heap after GC invocations=3 (full 0):
 garbage-first heap   total 262144K, used 20538K [0x0000000080000000, 0x0000000100000000)
  region size 1024K, 9 young (9216K), 9 survivors (9216K)
 Metaspace       used 21223K, committed 21504K, reserved 1114112K
  class space    used 2469K, committed 2624K, reserved 1048576K
}
Event: 5.855 GC heap before
{Heap before GC invocations=4 (full 0):
 garbage-first heap   total 78848K, used 76858K [0x0000000080000000, 0x0000000100000000)
  region size 1024K, 65 young (66560K), 9 survivors (9216K)
 Metaspace       used 30338K, committed 30976K, reserved 1114112K
  class space    used 3941K, committed 4224K, reserved 1048576K
}
Event: 5.865 GC heap after
{Heap after GC invocations=5 (full 0):
 garbage-first heap   total 92160K, used 24467K [0x0000000080000000, 0x0000000100000000)
  region size 1024K, 13 young (13312K), 13 survivors (13312K)
 Metaspace       used 30338K, committed 30976K, reserved 1114112K
  class space    used 3941K, committed 4224K, reserved 1048576K
}
Event: 6.453 GC heap before
{Heap before GC invocations=5 (full 0):
 garbage-first heap   total 92160K, used 60307K [0x0000000080000000, 0x0000000100000000)
  region size 1024K, 50 young (51200K), 13 survivors (13312K)
 Metaspace       used 35261K, committed 36096K, reserved 1114112K
  class space    used 4760K, committed 5120K, reserved 1048576K
}
Event: 6.460 GC heap after
{Heap after GC invocations=6 (full 0):
 garbage-first heap   total 92160K, used 26624K [0x0000000080000000, 0x0000000100000000)
  region size 1024K, 6 young (6144K), 6 survivors (6144K)
 Metaspace       used 35261K, committed 36096K, reserved 1114112K
  class space    used 4760K, committed 5120K, reserved 1048576K
}
Event: 6.500 GC heap before
{Heap before GC invocations=6 (full 0):
 garbage-first heap   total 92160K, used 28672K [0x0000000080000000, 0x0000000100000000)
  region size 1024K, 9 young (9216K), 6 survivors (6144K)
 Metaspace       used 35542K, committed 36416K, reserved 1114112K
  class space    used 4817K, committed 5248K, reserved 1048576K
}
Event: 6.503 GC heap after
{Heap after GC invocations=7 (full 0):
 garbage-first heap   total 92160K, used 27014K [0x0000000080000000, 0x0000000100000000)
  region size 1024K, 3 young (3072K), 3 survivors (3072K)
 Metaspace       used 35542K, committed 36416K, reserved 1114112K
  class space    used 4817K, committed 5248K, reserved 1048576K
}
Event: 8.336 GC heap before
{Heap before GC invocations=8 (full 0):
 garbage-first heap   total 92160K, used 74118K [0x0000000080000000, 0x0000000100000000)
  region size 1024K, 49 young (50176K), 3 survivors (3072K)
 Metaspace       used 44164K, committed 45312K, reserved 1114112K
  class space    used 5982K, committed 6528K, reserved 1048576K
}
Event: 8.341 GC heap after
{Heap after GC invocations=9 (full 0):
 garbage-first heap   total 92160K, used 30568K [0x0000000080000000, 0x0000000100000000)
  region size 1024K, 7 young (7168K), 7 survivors (7168K)
 Metaspace       used 44164K, committed 45312K, reserved 1114112K
  class space    used 5982K, committed 6528K, reserved 1048576K
}
Event: 8.855 GC heap before
{Heap before GC invocations=9 (full 0):
 garbage-first heap   total 92160K, used 74600K [0x0000000080000000, 0x0000000100000000)
  region size 1024K, 51 young (52224K), 7 survivors (7168K)
 Metaspace       used 46322K, committed 47552K, reserved 1114112K
  class space    used 6245K, committed 6848K, reserved 1048576K
}
Event: 8.860 GC heap after
{Heap after GC invocations=10 (full 0):
 garbage-first heap   total 92160K, used 33181K [0x0000000080000000, 0x0000000100000000)
  region size 1024K, 3 young (3072K), 3 survivors (3072K)
 Metaspace       used 46322K, committed 47552K, reserved 1114112K
  class space    used 6245K, committed 6848K, reserved 1048576K
}
Event: 11.336 GC heap before
{Heap before GC invocations=10 (full 0):
 garbage-first heap   total 92160K, used 78237K [0x0000000080000000, 0x0000000100000000)
  region size 1024K, 47 young (48128K), 3 survivors (3072K)
 Metaspace       used 51189K, committed 52608K, reserved 1114112K
  class space    used 7065K, committed 7744K, reserved 1048576K
}
Event: 11.340 GC heap after
{Heap after GC invocations=11 (full 0):
 garbage-first heap   total 110592K, used 35525K [0x0000000080000000, 0x0000000100000000)
  region size 1024K, 6 young (6144K), 6 survivors (6144K)
 Metaspace       used 51189K, committed 52608K, reserved 1114112K
  class space    used 7065K, committed 7744K, reserved 1048576K
}
Event: 15.204 GC heap before
{Heap before GC invocations=11 (full 0):
 garbage-first heap   total 110592K, used 90821K [0x0000000080000000, 0x0000000100000000)
  region size 1024K, 60 young (61440K), 6 survivors (6144K)
 Metaspace       used 59338K, committed 60800K, reserved 1114112K
  class space    used 8102K, committed 8832K, reserved 1048576K
}
Event: 15.209 GC heap after
{Heap after GC invocations=12 (full 0):
 garbage-first heap   total 110592K, used 38231K [0x0000000080000000, 0x0000000100000000)
  region size 1024K, 6 young (6144K), 6 survivors (6144K)
 Metaspace       used 59338K, committed 60800K, reserved 1114112K
  class space    used 8102K, committed 8832K, reserved 1048576K
}

